<?xml version="1.0" encoding="UTF-8"?>
<!-- Generated by org.testng.reporters.JUnitXMLReporter -->
<testsuite ignored="0" hostname="NikuNavu-Laptop" failures="0" tests="3" name="Test" time="25.755" errors="0" timestamp="2025-07-16T08:57:47 EDT">
  <testcase classname="testCases.TC001_SignUpValidation" name="signUpValidation" time="3.484"/>
  <testcase classname="testCases.TC002_HomePageValidation" name="homePageValidation" time="0.298"/>
  <testcase classname="testCases.TC003_LoginValidation" name="loginCheck" time="3.524"/>
</testsuite> <!-- Test -->
