<?xml version="1.0" encoding="UTF-8"?>
<testng-results ignored="0" total="1" passed="1" failed="0" skipped="0">
  <reporter-output>
  </reporter-output>
  <suite started-at="2025-07-07T21:35:50 EDT" name="Suite" finished-at="2025-07-07T21:35:58 EDT" duration-ms="8468">
    <groups>
    </groups>
    <test started-at="2025-07-07T21:35:50 EDT" name="Test" finished-at="2025-07-07T21:35:58 EDT" duration-ms="8468">
      <class name="testCases.TC008_WebTable">
        <test-method is-config="true" signature="Setup(java.lang.String,java.lang.String)[pri:0, instance:testCases.TC008_WebTable@41a0aa7d]" started-at="2025-07-07T21:35:50 EDT" name="Setup" finished-at="2025-07-07T21:35:54 EDT" duration-ms="4355" status="PASS">
          <params>
            <param index="0">
              <value>
                <![CDATA[Windows]]>
              </value>
            </param>
            <param index="1">
              <value>
                <![CDATA[chrome]]>
              </value>
            </param>
          </params>
          <reporter-output>
          </reporter-output>
        </test-method> <!-- Setup -->
        <test-method signature="webtable()[pri:0, instance:testCases.TC008_WebTable@41a0aa7d]" started-at="2025-07-07T21:35:54 EDT" name="webtable" finished-at="2025-07-07T21:35:58 EDT" duration-ms="3501" status="PASS">
          <reporter-output>
          </reporter-output>
        </test-method> <!-- webtable -->
        <test-method is-config="true" signature="shutDown()[pri:0, instance:testCases.TC008_WebTable@41a0aa7d]" started-at="2025-07-07T21:35:58 EDT" name="shutDown" finished-at="2025-07-07T21:35:58 EDT" duration-ms="537" status="PASS">
          <reporter-output>
          </reporter-output>
        </test-method> <!-- shutDown -->
      </class> <!-- testCases.TC008_WebTable -->
    </test> <!-- Test -->
  </suite> <!-- Suite -->
</testng-results>
