<?xml version="1.0" encoding="UTF-8"?>
<testng-results ignored="0" total="3" passed="3" failed="0" skipped="0">
  <reporter-output>
  </reporter-output>
  <suite started-at="2025-07-16T08:57:22 EDT" name="Suite" finished-at="2025-07-16T08:57:47 EDT" duration-ms="25755">
    <groups>
      <group name="regression">
        <method signature="TC003_LoginValidation.loginCheck()[pri:0, instance:testCases.TC003_LoginValidation@5b8dfcc1]" name="loginCheck" class="testCases.TC003_LoginValidation"/>
      </group> <!-- regression -->
      <group name="smoke">
        <method signature="TC001_SignUpValidation.signUpValidation()[pri:0, instance:testCases.TC001_SignUpValidation@4efbca5a]" name="signUpValidation" class="testCases.TC001_SignUpValidation"/>
        <method signature="TC002_HomePageValidation.homePageValidation()[pri:0, instance:testCases.TC002_HomePageValidation@72967906]" name="homePageValidation" class="testCases.TC002_HomePageValidation"/>
      </group> <!-- smoke -->
      <group name="E2E">
        <method signature="TC001_SignUpValidation.signUpValidation()[pri:0, instance:testCases.TC001_SignUpValidation@4efbca5a]" name="signUpValidation" class="testCases.TC001_SignUpValidation"/>
        <method signature="TC002_HomePageValidation.homePageValidation()[pri:0, instance:testCases.TC002_HomePageValidation@72967906]" name="homePageValidation" class="testCases.TC002_HomePageValidation"/>
        <method signature="TC003_LoginValidation.loginCheck()[pri:0, instance:testCases.TC003_LoginValidation@5b8dfcc1]" name="loginCheck" class="testCases.TC003_LoginValidation"/>
      </group> <!-- E2E -->
    </groups>
    <test started-at="2025-07-16T08:57:22 EDT" name="Test" finished-at="2025-07-16T08:57:47 EDT" duration-ms="25755">
      <class name="testCases.TC002_HomePageValidation">
        <test-method is-config="true" signature="Setup(java.lang.String,java.lang.String)[pri:0, instance:testCases.TC002_HomePageValidation@72967906]" started-at="2025-07-16T08:57:35 EDT" name="Setup" finished-at="2025-07-16T08:57:39 EDT" duration-ms="4188" status="PASS">
          <params>
            <param index="0">
              <value>
                <![CDATA[Windows]]>
              </value>
            </param>
            <param index="1">
              <value>
                <![CDATA[chrome]]>
              </value>
            </param>
          </params>
          <reporter-output>
          </reporter-output>
        </test-method> <!-- Setup -->
        <test-method signature="homePageValidation()[pri:0, instance:testCases.TC002_HomePageValidation@72967906]" started-at="2025-07-16T08:57:39 EDT" name="homePageValidation" finished-at="2025-07-16T08:57:39 EDT" duration-ms="298" status="PASS">
          <reporter-output>
          </reporter-output>
        </test-method> <!-- homePageValidation -->
        <test-method is-config="true" signature="shutDown()[pri:0, instance:testCases.TC002_HomePageValidation@72967906]" started-at="2025-07-16T08:57:39 EDT" name="shutDown" finished-at="2025-07-16T08:57:39 EDT" duration-ms="289" status="PASS">
          <reporter-output>
          </reporter-output>
        </test-method> <!-- shutDown -->
      </class> <!-- testCases.TC002_HomePageValidation -->
      <class name="testCases.TC001_SignUpValidation">
        <test-method is-config="true" signature="Setup(java.lang.String,java.lang.String)[pri:0, instance:testCases.TC001_SignUpValidation@4efbca5a]" started-at="2025-07-16T08:57:22 EDT" name="Setup" finished-at="2025-07-16T08:57:31 EDT" duration-ms="9039" status="PASS">
          <params>
            <param index="0">
              <value>
                <![CDATA[Windows]]>
              </value>
            </param>
            <param index="1">
              <value>
                <![CDATA[chrome]]>
              </value>
            </param>
          </params>
          <reporter-output>
          </reporter-output>
        </test-method> <!-- Setup -->
        <test-method signature="signUpValidation()[pri:0, instance:testCases.TC001_SignUpValidation@4efbca5a]" started-at="2025-07-16T08:57:31 EDT" name="signUpValidation" finished-at="2025-07-16T08:57:34 EDT" duration-ms="3484" status="PASS">
          <reporter-output>
          </reporter-output>
        </test-method> <!-- signUpValidation -->
        <test-method is-config="true" signature="shutDown()[pri:0, instance:testCases.TC001_SignUpValidation@4efbca5a]" started-at="2025-07-16T08:57:34 EDT" name="shutDown" finished-at="2025-07-16T08:57:35 EDT" duration-ms="348" status="PASS">
          <reporter-output>
          </reporter-output>
        </test-method> <!-- shutDown -->
      </class> <!-- testCases.TC001_SignUpValidation -->
      <class name="testCases.TC003_LoginValidation">
        <test-method is-config="true" signature="Setup(java.lang.String,java.lang.String)[pri:0, instance:testCases.TC003_LoginValidation@5b8dfcc1]" started-at="2025-07-16T08:57:39 EDT" name="Setup" finished-at="2025-07-16T08:57:44 EDT" duration-ms="4237" status="PASS">
          <params>
            <param index="0">
              <value>
                <![CDATA[Windows]]>
              </value>
            </param>
            <param index="1">
              <value>
                <![CDATA[chrome]]>
              </value>
            </param>
          </params>
          <reporter-output>
          </reporter-output>
        </test-method> <!-- Setup -->
        <test-method signature="loginCheck()[pri:0, instance:testCases.TC003_LoginValidation@5b8dfcc1]" started-at="2025-07-16T08:57:44 EDT" name="loginCheck" finished-at="2025-07-16T08:57:47 EDT" duration-ms="3524" status="PASS">
          <reporter-output>
          </reporter-output>
        </test-method> <!-- loginCheck -->
        <test-method is-config="true" signature="shutDown()[pri:0, instance:testCases.TC003_LoginValidation@5b8dfcc1]" started-at="2025-07-16T08:57:47 EDT" name="shutDown" finished-at="2025-07-16T08:57:47 EDT" duration-ms="289" status="PASS">
          <reporter-output>
          </reporter-output>
        </test-method> <!-- shutDown -->
      </class> <!-- testCases.TC003_LoginValidation -->
    </test> <!-- Test -->
  </suite> <!-- Suite -->
</testng-results>
