<?xml version="1.0" encoding="UTF-8"?>
<testng-results ignored="0" total="1" passed="1" failed="0" skipped="0">
  <reporter-output>
  </reporter-output>
  <suite started-at="2025-07-16T10:49:01 EDT" name="Default suite" finished-at="2025-07-16T10:49:01 EDT" duration-ms="445">
    <groups>
    </groups>
    <test started-at="2025-07-16T10:49:01 EDT" name="Default test" finished-at="2025-07-16T10:49:01 EDT" duration-ms="445">
      <class name="testCases.TC015_FackerData">
        <test-method signature="generateDummyData()[pri:0, instance:testCases.TC015_FackerData@36fc695d]" started-at="2025-07-16T10:49:01 EDT" name="generateDummyData" finished-at="2025-07-16T10:49:01 EDT" duration-ms="366" status="PASS">
          <reporter-output>
          </reporter-output>
        </test-method> <!-- generateDummyData -->
      </class> <!-- testCases.TC015_FackerData -->
    </test> <!-- Default test -->
  </suite> <!-- Default suite -->
</testng-results>
