<?xml version="1.0" encoding="UTF-8"?>
<testng-results ignored="0" total="1" passed="1" failed="0" skipped="0">
  <reporter-output>
  </reporter-output>
  <suite started-at="2025-07-07T20:17:47 EDT" name="Default suite" finished-at="2025-07-07T20:17:47 EDT" duration-ms="69">
    <groups>
    </groups>
    <test started-at="2025-07-07T20:17:47 EDT" name="Default test" finished-at="2025-07-07T20:17:47 EDT" duration-ms="69">
      <class name="testCases.TC010_ReadFromJson">
        <test-method signature="readFromJson()[pri:0, instance:testCases.TC010_ReadFromJson@45099dd3]" started-at="2025-07-07T20:17:47 EDT" name="readFromJson" finished-at="2025-07-07T20:17:47 EDT" duration-ms="23" status="PASS">
          <reporter-output>
          </reporter-output>
        </test-method> <!-- readFromJson -->
      </class> <!-- testCases.TC010_ReadFromJson -->
    </test> <!-- Default test -->
  </suite> <!-- Default suite -->
</testng-results>
